2023-11-20 17:11:35,934 INFO 读取文件:test/zdw.txt
    时间        温度       热重
0  0.0  34.63129 -0.01527
1  0.0  34.63091 -0.01882
2  0.0  34.62677 -0.01860
3  0.1  34.63000 -0.01840
4  0.1  34.62842 -0.01812
2023-11-20 17:11:36,028 INFO 处理数据:
          T       TG      TG/W       DTG      FDTG
t                                                 
1  34.63091 -0.01882 -0.002002 -0.000378 -0.000011
2  34.62677 -0.01860 -0.001979  0.000023 -0.000010
3  34.63000 -0.01840 -0.001957  0.000021 -0.000009
4  34.62842 -0.01812 -0.001928  0.000030 -0.000008
5  34.62867 -0.02155 -0.002293 -0.000365 -0.000019
2023-11-20 17:12:17,100 INFO 读取文件:test/zdw.txt
    时间        温度       热重
0  0.0  34.63129 -0.01527
1  0.0  34.63091 -0.01882
2  0.0  34.62677 -0.01860
3  0.1  34.63000 -0.01840
4  0.1  34.62842 -0.01812
2023-11-20 17:12:17,233 INFO 处理数据:
          T       TG      TG/W       DTG      FDTG
t                                                 
1  34.63091 -0.01882 -0.002002 -0.000378 -0.000011
2  34.62677 -0.01860 -0.001979  0.000023 -0.000010
3  34.63000 -0.01840 -0.001957  0.000021 -0.000009
4  34.62842 -0.01812 -0.001928  0.000030 -0.000008
5  34.62867 -0.02155 -0.002293 -0.000365 -0.000019
2023-11-20 17:13:01,412 INFO 读取文件:test/zdw.txt
    时间        温度       热重
0  0.0  34.63129 -0.01527
1  0.0  34.63091 -0.01882
2  0.0  34.62677 -0.01860
3  0.1  34.63000 -0.01840
4  0.1  34.62842 -0.01812
2023-11-20 17:13:01,502 INFO 处理数据:
          T       TG      TG/W       DTG      FDTG
t                                                 
1  34.63091 -0.01882 -0.002002 -0.000378 -0.000011
2  34.62677 -0.01860 -0.001979  0.000023 -0.000010
3  34.63000 -0.01840 -0.001957  0.000021 -0.000009
4  34.62842 -0.01812 -0.001928  0.000030 -0.000008
5  34.62867 -0.02155 -0.002293 -0.000365 -0.000019
2023-11-20 17:22:44,385 INFO 读取文件:test/zdw.txt
    时间        温度       热重
0  0.0  34.63129 -0.01527
1  0.0  34.63091 -0.01882
2  0.0  34.62677 -0.01860
3  0.1  34.63000 -0.01840
4  0.1  34.62842 -0.01812
2023-11-20 17:22:44,477 INFO 处理数据:
          T       TG      TG/W       DTG      FDTG
t                                                 
1  34.63091 -0.01882 -0.002002 -0.000378 -0.000011
2  34.62677 -0.01860 -0.001979  0.000023 -0.000010
3  34.63000 -0.01840 -0.001957  0.000021 -0.000009
4  34.62842 -0.01812 -0.001928  0.000030 -0.000008
5  34.62867 -0.02155 -0.002293 -0.000365 -0.000019
2023-11-20 17:22:44,477 WARNING 确定更新特征点吗(保存的数据将消失)
2023-11-20 17:25:27,374 INFO 请检查特征点:
min:[576, 3520, 4191]
max:[170, 1598, 2715, 3535, 6212]
(若为阻塞模式请记录数据关闭图像后进行交互)
2023-11-20 17:25:57,850 INFO 已更改特征点:
min:[576, 3520, 4191]
max:[170, 1598, 2715, 3535, 6212]
2023-11-20 17:25:58,721 INFO 保存DTG-TG数据
2023-11-20 17:25:59,269 INFO 保存TG数据
2023-11-20 17:26:00,530 INFO 保存DTG数据
2023-11-20 17:26:01,035 INFO 保存hot-TG拟合数据
2023-11-20 17:26:01,399 INFO 保存burn-TG拟合数据
2023-11-20 17:27:36,896 INFO 读取文件:test/ymt.txt
    时间        温度       热重
0  0.0  29.87536 -0.00078
1  0.0  29.87745 -0.00473
2  0.0  29.87648 -0.00441
3  0.1  29.87239 -0.00394
4  0.1  29.86872 -0.00454
2023-11-20 17:27:36,975 INFO 处理数据:
          T       TG      TG/W       DTG      FDTG
t                                                 
1  29.87745 -0.00473 -0.000503 -0.000420 -0.000013
2  29.87648 -0.00441 -0.000469  0.000034 -0.000011
3  29.87239 -0.00394 -0.000419  0.000050 -0.000009
4  29.86872 -0.00454 -0.000483 -0.000064 -0.000011
5  29.85070 -0.00687 -0.000731 -0.000248 -0.000018
2023-11-20 17:27:37,541 INFO 保存TG数据
2023-11-20 17:28:37,887 INFO 读取文件:test/ymt.txt
    时间        温度       热重
0  0.0  29.87536 -0.00078
1  0.0  29.87745 -0.00473
2  0.0  29.87648 -0.00441
3  0.1  29.87239 -0.00394
4  0.1  29.86872 -0.00454
2023-11-20 17:28:38,005 INFO 处理数据:
          T       TG      TG/W       DTG      FDTG
t                                                 
1  29.87745 -0.00473 -0.000503 -0.000420 -0.000013
2  29.87648 -0.00441 -0.000469  0.000034 -0.000011
3  29.87239 -0.00394 -0.000419  0.000050 -0.000009
4  29.86872 -0.00454 -0.000483 -0.000064 -0.000011
5  29.85070 -0.00687 -0.000731 -0.000248 -0.000018
2023-11-20 17:28:38,005 WARNING 确定更新特征点吗(保存的数据将消失)
2023-11-20 17:28:44,074 INFO 请检查特征点:
min:[864, 3756, 4263]
max:[137, 1517, 2275, 3931, 6287]
(若为阻塞模式请记录数据关闭图像后进行交互)
2023-11-20 17:28:49,912 INFO 已更改特征点:
min:[864, 3756, 4263]
max:[137, 1517, 2275, 3931, 6287]
2023-11-20 17:28:51,227 INFO 保存DTG数据
2023-11-20 17:29:05,194 INFO 读取文件:test/ymt.txt
    时间        温度       热重
0  0.0  29.87536 -0.00078
1  0.0  29.87745 -0.00473
2  0.0  29.87648 -0.00441
3  0.1  29.87239 -0.00394
4  0.1  29.86872 -0.00454
2023-11-20 17:29:05,292 INFO 处理数据:
          T       TG      TG/W       DTG      FDTG
t                                                 
1  29.87745 -0.00473 -0.000503 -0.000420 -0.000013
2  29.87648 -0.00441 -0.000469  0.000034 -0.000011
3  29.87239 -0.00394 -0.000419  0.000050 -0.000009
4  29.86872 -0.00454 -0.000483 -0.000064 -0.000011
5  29.85070 -0.00687 -0.000731 -0.000248 -0.000018
2023-11-20 17:29:05,292 WARNING 确定更新特征点吗(保存的数据将消失)
2023-11-20 17:29:10,515 INFO 请检查特征点:
min:[864, 3756, 4263]
max:[137, 1517, 2275, 3931, 6287]
(若为阻塞模式请记录数据关闭图像后进行交互)
2023-11-20 17:29:21,196 INFO 已更改特征点:
min:[864, 3756, 4263]
max:[137, 1517, 2275, 3931, 6287]
2023-11-20 17:29:22,383 INFO 保存DTG数据
2023-11-20 17:31:55,567 INFO 读取文件:test/ymt.txt
    时间        温度       热重
0  0.0  29.87536 -0.00078
1  0.0  29.87745 -0.00473
2  0.0  29.87648 -0.00441
3  0.1  29.87239 -0.00394
4  0.1  29.86872 -0.00454
2023-11-20 17:31:55,647 INFO 处理数据:
          T       TG      TG/W       DTG      FDTG
t                                                 
1  29.87745 -0.00473 -0.000503 -0.000420 -0.000013
2  29.87648 -0.00441 -0.000469  0.000034 -0.000011
3  29.87239 -0.00394 -0.000419  0.000050 -0.000009
4  29.86872 -0.00454 -0.000483 -0.000064 -0.000011
5  29.85070 -0.00687 -0.000731 -0.000248 -0.000018
2023-11-20 17:31:56,553 INFO 保存DTG-TG数据
2023-11-20 17:33:50,127 INFO 读取文件:test/ymt.txt
    时间        温度       热重
0  0.0  29.87536 -0.00078
1  0.0  29.87745 -0.00473
2  0.0  29.87648 -0.00441
3  0.1  29.87239 -0.00394
4  0.1  29.86872 -0.00454
2023-11-20 17:33:50,224 INFO 处理数据:
          T       TG      TG/W       DTG      FDTG
t                                                 
1  29.87745 -0.00473 -0.000503 -0.000420 -0.000013
2  29.87648 -0.00441 -0.000469  0.000034 -0.000011
3  29.87239 -0.00394 -0.000419  0.000050 -0.000009
4  29.86872 -0.00454 -0.000483 -0.000064 -0.000011
5  29.85070 -0.00687 -0.000731 -0.000248 -0.000018
2023-11-20 17:33:50,750 INFO 保存hot-TG拟合数据
2023-11-20 17:34:50,203 INFO 读取文件:test/ymt.txt
    时间        温度       热重
0  0.0  29.87536 -0.00078
1  0.0  29.87745 -0.00473
2  0.0  29.87648 -0.00441
3  0.1  29.87239 -0.00394
4  0.1  29.86872 -0.00454
2023-11-20 17:34:50,301 INFO 处理数据:
          T       TG      TG/W       DTG      FDTG
t                                                 
1  29.87745 -0.00473 -0.000503 -0.000420 -0.000013
2  29.87648 -0.00441 -0.000469  0.000034 -0.000011
3  29.87239 -0.00394 -0.000419  0.000050 -0.000009
4  29.86872 -0.00454 -0.000483 -0.000064 -0.000011
5  29.85070 -0.00687 -0.000731 -0.000248 -0.000018
2023-11-20 17:34:50,837 INFO 保存hot-TG拟合数据
2023-11-20 17:36:38,792 INFO 读取文件:test/ymt.txt
    时间        温度       热重
0  0.0  29.87536 -0.00078
1  0.0  29.87745 -0.00473
2  0.0  29.87648 -0.00441
3  0.1  29.87239 -0.00394
4  0.1  29.86872 -0.00454
2023-11-20 17:36:38,890 INFO 处理数据:
          T       TG      TG/W       DTG      FDTG
t                                                 
1  29.87745 -0.00473 -0.000503 -0.000420 -0.000013
2  29.87648 -0.00441 -0.000469  0.000034 -0.000011
3  29.87239 -0.00394 -0.000419  0.000050 -0.000009
4  29.86872 -0.00454 -0.000483 -0.000064 -0.000011
5  29.85070 -0.00687 -0.000731 -0.000248 -0.000018
2023-11-20 17:36:39,384 INFO 保存burn-TG拟合数据
2023-11-20 17:38:35,888 INFO 读取文件:test/ymt.txt
    时间        温度       热重
0  0.0  29.87536 -0.00078
1  0.0  29.87745 -0.00473
2  0.0  29.87648 -0.00441
3  0.1  29.87239 -0.00394
4  0.1  29.86872 -0.00454
2023-11-20 17:38:35,988 INFO 处理数据:
          T       TG      TG/W       DTG      FDTG
t                                                 
1  29.87745 -0.00473 -0.000503 -0.000420 -0.000013
2  29.87648 -0.00441 -0.000469  0.000034 -0.000011
3  29.87239 -0.00394 -0.000419  0.000050 -0.000009
4  29.86872 -0.00454 -0.000483 -0.000064 -0.000011
5  29.85070 -0.00687 -0.000731 -0.000248 -0.000018
2023-11-20 17:38:36,519 INFO 保存burn-TG拟合数据
2023-11-20 17:44:51,069 INFO 读取文件:test/ymt.txt
    时间        温度       热重
0  0.0  29.87536 -0.00078
1  0.0  29.87745 -0.00473
2  0.0  29.87648 -0.00441
3  0.1  29.87239 -0.00394
4  0.1  29.86872 -0.00454
2023-11-20 17:44:51,167 INFO 处理数据:
          T       TG      TG/W       DTG      FDTG
t                                                 
1  29.87745 -0.00473 -0.000503 -0.000420 -0.000013
2  29.87648 -0.00441 -0.000469  0.000034 -0.000011
3  29.87239 -0.00394 -0.000419  0.000050 -0.000009
4  29.86872 -0.00454 -0.000483 -0.000064 -0.000011
5  29.85070 -0.00687 -0.000731 -0.000248 -0.000018
2023-11-20 17:44:51,795 INFO 保存burn-TG拟合数据
2023-11-20 17:45:32,608 INFO 读取文件:test/ymt.txt
    时间        温度       热重
0  0.0  29.87536 -0.00078
1  0.0  29.87745 -0.00473
2  0.0  29.87648 -0.00441
3  0.1  29.87239 -0.00394
4  0.1  29.86872 -0.00454
2023-11-20 17:45:32,706 INFO 处理数据:
          T       TG      TG/W       DTG      FDTG
t                                                 
1  29.87745 -0.00473 -0.000503 -0.000420 -0.000013
2  29.87648 -0.00441 -0.000469  0.000034 -0.000011
3  29.87239 -0.00394 -0.000419  0.000050 -0.000009
4  29.86872 -0.00454 -0.000483 -0.000064 -0.000011
5  29.85070 -0.00687 -0.000731 -0.000248 -0.000018
2023-11-20 17:45:33,222 INFO 保存burn-TG拟合数据
2023-11-20 17:46:37,297 INFO 读取文件:test/ymt.txt
    时间        温度       热重
0  0.0  29.87536 -0.00078
1  0.0  29.87745 -0.00473
2  0.0  29.87648 -0.00441
3  0.1  29.87239 -0.00394
4  0.1  29.86872 -0.00454
2023-11-20 17:46:37,394 INFO 处理数据:
          T       TG      TG/W       DTG      FDTG
t                                                 
1  29.87745 -0.00473 -0.000503 -0.000420 -0.000013
2  29.87648 -0.00441 -0.000469  0.000034 -0.000011
3  29.87239 -0.00394 -0.000419  0.000050 -0.000009
4  29.86872 -0.00454 -0.000483 -0.000064 -0.000011
5  29.85070 -0.00687 -0.000731 -0.000248 -0.000018
2023-11-20 17:46:37,898 INFO 保存burn-TG拟合数据
2023-11-20 17:54:46,947 INFO 读取文件:test/ymt.txt
    时间        温度       热重
0  0.0  29.87536 -0.00078
1  0.0  29.87745 -0.00473
2  0.0  29.87648 -0.00441
3  0.1  29.87239 -0.00394
4  0.1  29.86872 -0.00454
2023-11-20 17:54:47,046 INFO 处理数据:
          T       TG      TG/W       DTG      FDTG
t                                                 
1  29.87745 -0.00473 -0.000503 -0.000420 -0.000013
2  29.87648 -0.00441 -0.000469  0.000034 -0.000011
3  29.87239 -0.00394 -0.000419  0.000050 -0.000009
4  29.86872 -0.00454 -0.000483 -0.000064 -0.000011
5  29.85070 -0.00687 -0.000731 -0.000248 -0.000018
2023-11-20 17:54:47,603 INFO 保存hot-TG拟合数据
2023-11-20 17:56:08,754 INFO 读取文件:test/ymt.txt
    时间        温度       热重
0  0.0  29.87536 -0.00078
1  0.0  29.87745 -0.00473
2  0.0  29.87648 -0.00441
3  0.1  29.87239 -0.00394
4  0.1  29.86872 -0.00454
2023-11-20 17:56:08,852 INFO 处理数据:
          T       TG      TG/W       DTG      FDTG
t                                                 
1  29.87745 -0.00473 -0.000503 -0.000420 -0.000013
2  29.87648 -0.00441 -0.000469  0.000034 -0.000011
3  29.87239 -0.00394 -0.000419  0.000050 -0.000009
4  29.86872 -0.00454 -0.000483 -0.000064 -0.000011
5  29.85070 -0.00687 -0.000731 -0.000248 -0.000018
2023-11-20 17:56:45,320 INFO 读取文件:test/ymt.txt
    时间        温度       热重
0  0.0  29.87536 -0.00078
1  0.0  29.87745 -0.00473
2  0.0  29.87648 -0.00441
3  0.1  29.87239 -0.00394
4  0.1  29.86872 -0.00454
2023-11-20 17:56:45,417 INFO 处理数据:
          T       TG      TG/W       DTG      FDTG
t                                                 
1  29.87745 -0.00473 -0.000503 -0.000420 -0.000013
2  29.87648 -0.00441 -0.000469  0.000034 -0.000011
3  29.87239 -0.00394 -0.000419  0.000050 -0.000009
4  29.86872 -0.00454 -0.000483 -0.000064 -0.000011
5  29.85070 -0.00687 -0.000731 -0.000248 -0.000018
2023-11-20 17:57:05,965 INFO 读取文件:test/ymt.txt
    时间        温度       热重
0  0.0  29.87536 -0.00078
1  0.0  29.87745 -0.00473
2  0.0  29.87648 -0.00441
3  0.1  29.87239 -0.00394
4  0.1  29.86872 -0.00454
2023-11-20 17:57:06,064 INFO 处理数据:
          T       TG      TG/W       DTG      FDTG
t                                                 
1  29.87745 -0.00473 -0.000503 -0.000420 -0.000013
2  29.87648 -0.00441 -0.000469  0.000034 -0.000011
3  29.87239 -0.00394 -0.000419  0.000050 -0.000009
4  29.86872 -0.00454 -0.000483 -0.000064 -0.000011
5  29.85070 -0.00687 -0.000731 -0.000248 -0.000018
2023-11-20 17:57:06,602 INFO 保存-TG拟合数据
2023-11-20 18:00:44,964 INFO 读取文件:test/ymt.txt
    时间        温度       热重
0  0.0  29.87536 -0.00078
1  0.0  29.87745 -0.00473
2  0.0  29.87648 -0.00441
3  0.1  29.87239 -0.00394
4  0.1  29.86872 -0.00454
2023-11-20 18:00:45,086 INFO 处理数据:
          T       TG      TG/W       DTG      FDTG
t                                                 
1  29.87745 -0.00473 -0.000503 -0.000420 -0.000013
2  29.87648 -0.00441 -0.000469  0.000034 -0.000011
3  29.87239 -0.00394 -0.000419  0.000050 -0.000009
4  29.86872 -0.00454 -0.000483 -0.000064 -0.000011
5  29.85070 -0.00687 -0.000731 -0.000248 -0.000018
2023-11-20 18:00:45,633 INFO 保存-TG拟合数据
2023-11-20 18:01:14,166 INFO 读取文件:test/ymt.txt
    时间        温度       热重
0  0.0  29.87536 -0.00078
1  0.0  29.87745 -0.00473
2  0.0  29.87648 -0.00441
3  0.1  29.87239 -0.00394
4  0.1  29.86872 -0.00454
2023-11-20 18:01:14,264 INFO 处理数据:
          T       TG      TG/W       DTG      FDTG
t                                                 
1  29.87745 -0.00473 -0.000503 -0.000420 -0.000013
2  29.87648 -0.00441 -0.000469  0.000034 -0.000011
3  29.87239 -0.00394 -0.000419  0.000050 -0.000009
4  29.86872 -0.00454 -0.000483 -0.000064 -0.000011
5  29.85070 -0.00687 -0.000731 -0.000248 -0.000018
2023-11-20 18:01:14,810 INFO 保存hot-TG拟合数据
2023-11-20 18:01:32,076 INFO 读取文件:test/ymt.txt
    时间        温度       热重
0  0.0  29.87536 -0.00078
1  0.0  29.87745 -0.00473
2  0.0  29.87648 -0.00441
3  0.1  29.87239 -0.00394
4  0.1  29.86872 -0.00454
2023-11-20 18:01:32,171 INFO 处理数据:
          T       TG      TG/W       DTG      FDTG
t                                                 
1  29.87745 -0.00473 -0.000503 -0.000420 -0.000013
2  29.87648 -0.00441 -0.000469  0.000034 -0.000011
3  29.87239 -0.00394 -0.000419  0.000050 -0.000009
4  29.86872 -0.00454 -0.000483 -0.000064 -0.000011
5  29.85070 -0.00687 -0.000731 -0.000248 -0.000018
2023-11-20 18:01:32,690 INFO 保存burn-TG拟合数据
2023-11-20 18:03:28,277 INFO 读取文件:test/ymt.txt
    时间        温度       热重
0  0.0  29.87536 -0.00078
1  0.0  29.87745 -0.00473
2  0.0  29.87648 -0.00441
3  0.1  29.87239 -0.00394
4  0.1  29.86872 -0.00454
2023-11-20 18:03:28,376 INFO 处理数据:
          T       TG      TG/W       DTG      FDTG
t                                                 
1  29.87745 -0.00473 -0.000503 -0.000420 -0.000013
2  29.87648 -0.00441 -0.000469  0.000034 -0.000011
3  29.87239 -0.00394 -0.000419  0.000050 -0.000009
4  29.86872 -0.00454 -0.000483 -0.000064 -0.000011
5  29.85070 -0.00687 -0.000731 -0.000248 -0.000018
2023-11-20 18:03:28,930 INFO 保存-TG拟合数据
